The server is ready to receive
DEBUG:root:rcvd 
		---
		[HEADER]: ack_num: 0
			checksum: 31487
			dst_port: 41192
			flags: ack: 0
			cwr: 0
			ece: 0
			fin: 0
			syn: 0
			
			header_len: 20
			rcvwd: 10
			seq_num: 0
			src_port: 8423
			
		[Payload]: b'\x89PNG\r\n\x1a\n\x00\x00\x00\rIHDR\x00\x00\x00\xa8\x00\x00\x00%\x08\x02\x00\x00\x00Y\x075\xe5\x00\x00\x00\tpHYs\x00\x00\x0e\xc4\x00\x00\x0e\xc4\x01\x95+\x0e\x1b\x00\x00\x00\x11tEXtSoftware\x00Snipaste]\x17\xce\xdd\x00\x00\x08CIDATx\x9c\xed[\xbfS#G\x16~\x83\x08\x8dt\xa9\xbb\xf7 \\q\xae%13\x11\xeb\xc0\x94\x96`]\xa5VL\x9d\x11!\x1a\xe7\xde\x1d\x1d\x11;\xf2?\xb0=\nW\x04\xc4jUy\x83\xbb\xcd\x0c\xd1\xb4\x9c\xb0\xc9\xa6\xe6\xe8&\xb5\xac\xbb\xaas\x15Z]\xf0F\xcd \xd0\xa0\x85\xd9\x05\x9b\xf9\x8a`\xd4\x9a~\xfd\xe6}\xefW\xb7\x06\xeb\x7f\xbf\xff\x0e\x19\xee\x1ffn[\x81\x0c\xb7\x83\x8c\xf8{\x8a\xf4\x89\x1f\x1e\xc9\xe1\xa1H]l\x86t1\x9b\xae\xb8\xc1A0\xdc\xe7P \xb3\x0b6\x14h\xba\xc23\xa4\x88\x8f\x93\xea{\xfat\xaf\xfaQ$gH\t)\x13\x9f[\xa9Y\xf36\x00@O\x0f^\xd7\xd3\x15\x9e!E\xa4C|\xbc\xa8\xe7\xbe\xf1\xa1@p0+\xf6w\x16)\x10?\xd8\xab\x0e^\xd7\x07\x07A\xf4\xb9@s\xdf4\xa2\xaf\x0e8\xf4\xd4\xcd\x97\xc8\x90:nJ\xfc\xf0H\x0e\x8f$\x00\x0c\xf7\xf9iPB\x9a\xady\xdbz\xec\x02d\xc5\xfe\xee\xe2\xa6\xc4[\xf3\xf6l\xed_\x98\xdb#\x9a{\n\x00r\x8f\xcag\xc5\xde$\x83\x0cw\x06V:G\xb6=u\xbaW\x85\x9e\x06\x00(\x10k\xa9\x92[\xa9\xc5\x07s\xeb\xad\xc8\x0f2\xdc\r\xa4\xd4\xd5\x17\xe8\xecz\xcb\xa4\xf7\xe1a{p\x10\x9c+\xf6?z\x9f\xb8\xd8+\xa5\xa5\xec~\xca\x15\xffX\xb8>\xf1\xa7Aip\x10\x9c\xd1Y\xa0\xb9\x95\xda\x19\xf7\xfb|p\x10\xdcb\xb1\xe7As\xa3\xba\xf9)W\xbc\x12Rv7\xaa\x9b\xa5\xd2Z\xa9\xb4\x06\x00\x1b\xd5\xcd\xbf}\xf1\x08\xaf?=\xaeI\xfc\xf0P \xbb\xa7{\xd5\xc1\xeb\xba\xa1?\xb7R\xcb=\xf5\xa3{\xf6\xf9'
		---
DEBUG:root:checksum result 0
DEBUG:root:current seq_num=0, old_ack_num=0
DEBUG:root:rcvd_min_seq=0 and self.__ack_num=0
DEBUG:root:new_ack_cumu=512
DEBUG:root:sender new cumu ack 512
INFO:root:[LOG] serviced ('127.0.0.1', 41193)
INFO:root:
		---
		[HEADER]: ack_num: 0
			checksum: 31487
			dst_port: 41192
			flags: ack: 0
			cwr: 0
			ece: 0
			fin: 0
			syn: 0
			
			header_len: 20
			rcvwd: 10
			seq_num: 0
			src_port: 8423
			
		[Payload]: b'\x89PNG\r\n\x1a\n\x00\x00\x00\rIHDR\x00\x00\x00\xa8\x00\x00\x00%\x08\x02\x00\x00\x00Y\x075\xe5\x00\x00\x00\tpHYs\x00\x00\x0e\xc4\x00\x00\x0e\xc4\x01\x95+\x0e\x1b\x00\x00\x00\x11tEXtSoftware\x00Snipaste]\x17\xce\xdd\x00\x00\x08CIDATx\x9c\xed[\xbfS#G\x16~\x83\x08\x8dt\xa9\xbb\xf7 \\q\xae%13\x11\xeb\xc0\x94\x96`]\xa5VL\x9d\x11!\x1a\xe7\xde\x1d\x1d\x11;\xf2?\xb0=\nW\x04\xc4jUy\x83\xbb\xcd\x0c\xd1\xb4\x9c\xb0\xc9\xa6\xe6\xe8&\xb5\xac\xbb\xaas\x15Z]\xf0F\xcd \xd0\xa0\x85\xd9\x05\x9b\xf9\x8a`\xd4\x9a~\xfd\xe6}\xefW\xb7\x06\xeb\x7f\xbf\xff\x0e\x19\xee\x1ffn[\x81\x0c\xb7\x83\x8c\xf8{\x8a\xf4\x89\x1f\x1e\xc9\xe1\xa1H]l\x86t1\x9b\xae\xb8\xc1A0\xdc\xe7P \xb3\x0b6\x14h\xba\xc23\xa4\x88\x8f\x93\xea{\xfat\xaf\xfaQ$gH\t)\x13\x9f[\xa9Y\xf36\x00@O\x0f^\xd7\xd3\x15\x9e!E\xa4C|\xbc\xa8\xe7\xbe\xf1\xa1@p0+\xf6w\x16)\x10?\xd8\xab\x0e^\xd7\x07\x07A\xf4\xb9@s\xdf4\xa2\xaf\x0e8\xf4\xd4\xcd\x97\xc8\x90:nJ\xfc\xf0H\x0e\x8f$\x00\x0c\xf7\xf9iPB\x9a\xady\xdbz\xec\x02d\xc5\xfe\xee\xe2\xa6\xc4[\xf3\xf6l\xed_\x98\xdb#\x9a{\n\x00r\x8f\xcag\xc5\xde$\x83\x0cw\x06V:G\xb6=u\xbaW\x85\x9e\x06\x00(\x10k\xa9\x92[\xa9\xc5\x07s\xeb\xad\xc8\x0f2\xdc\r\xa4\xd4\xd5\x17\xe8\xecz\xcb\xa4\xf7\xe1a{p\x10\x9c+\xf6?z\x9f\xb8\xd8+\xa5\xa5\xec~\xca\x15\xffX\xb8>\xf1\xa7Aip\x10\x9c\xd1Y\xa0\xb9\x95\xda\x19\xf7\xfb|p\x10\xdcb\xb1\xe7As\xa3\xba\xf9)W\xbc\x12Rv7\xaa\x9b\xa5\xd2Z\xa9\xb4\x06\x00\x1b\xd5\xcd\xbf}\xf1\x08\xaf?=\xaeI\xfc\xf0P \xbb\xa7{\xd5\xc1\xeb\xba\xa1?\xb7R\xcb=\xf5\xa3{\xf6\xf9'
		---
DEBUG:root:writing b'\x89PNG\r\n\x1a\n\x00\x00\x00\rIHDR\x00\x00\x00\xa8\x00\x00\x00%\x08\x02\x00\x00\x00Y\x075\xe5\x00\x00\x00\tpHYs\x00\x00\x0e\xc4\x00\x00\x0e\xc4\x01\x95+\x0e\x1b\x00\x00\x00\x11tEXtSoftware\x00Snipaste]\x17\xce\xdd\x00\x00\x08CIDATx\x9c\xed[\xbfS#G\x16~\x83\x08\x8dt\xa9\xbb\xf7 \\q\xae%13\x11\xeb\xc0\x94\x96`]\xa5VL\x9d\x11!\x1a\xe7\xde\x1d\x1d\x11;\xf2?\xb0=\nW\x04\xc4jUy\x83\xbb\xcd\x0c\xd1\xb4\x9c\xb0\xc9\xa6\xe6\xe8&\xb5\xac\xbb\xaas\x15Z]\xf0F\xcd \xd0\xa0\x85\xd9\x05\x9b\xf9\x8a`\xd4\x9a~\xfd\xe6}\xefW\xb7\x06\xeb\x7f\xbf\xff\x0e\x19\xee\x1ffn[\x81\x0c\xb7\x83\x8c\xf8{\x8a\xf4\x89\x1f\x1e\xc9\xe1\xa1H]l\x86t1\x9b\xae\xb8\xc1A0\xdc\xe7P \xb3\x0b6\x14h\xba\xc23\xa4\x88\x8f\x93\xea{\xfat\xaf\xfaQ$gH\t)\x13\x9f[\xa9Y\xf36\x00@O\x0f^\xd7\xd3\x15\x9e!E\xa4C|\xbc\xa8\xe7\xbe\xf1\xa1@p0+\xf6w\x16)\x10?\xd8\xab\x0e^\xd7\x07\x07A\xf4\xb9@s\xdf4\xa2\xaf\x0e8\xf4\xd4\xcd\x97\xc8\x90:nJ\xfc\xf0H\x0e\x8f$\x00\x0c\xf7\xf9iPB\x9a\xady\xdbz\xec\x02d\xc5\xfe\xee\xe2\xa6\xc4[\xf3\xf6l\xed_\x98\xdb#\x9a{\n\x00r\x8f\xcag\xc5\xde$\x83\x0cw\x06V:G\xb6=u\xbaW\x85\x9e\x06\x00(\x10k\xa9\x92[\xa9\xc5\x07s\xeb\xad\xc8\x0f2\xdc\r\xa4\xd4\xd5\x17\xe8\xecz\xcb\xa4\xf7\xe1a{p\x10\x9c+\xf6?z\x9f\xb8\xd8+\xa5\xa5\xec~\xca\x15\xffX\xb8>\xf1\xa7Aip\x10\x9c\xd1Y\xa0\xb9\x95\xda\x19\xf7\xfb|p\x10\xdcb\xb1\xe7As\xa3\xba\xf9)W\xbc\x12Rv7\xaa\x9b\xa5\xd2Z\xa9\xb4\x06\x00\x1b\xd5\xcd\xbf}\xf1\x08\xaf?=\xaeI\xfc\xf0P \xbb\xa7{\xd5\xc1\xeb\xba\xa1?\xb7R\xcb=\xf5\xa3{\xf6\xf9' to 0
DEBUG:root:rcvd 
		---
		[HEADER]: ack_num: 0
			checksum: 60671
			dst_port: 41192
			flags: ack: 0
			cwr: 0
			ece: 0
			fin: 0
			syn: 0
			
			header_len: 20
			rcvwd: 10
			seq_num: 33554944
			src_port: 41191
			
		[Payload]: b"iP\x9a\x99\xb7\xady\x1b\n\xc4D\xff\x95\xd8\xa8n\xfe\xf9\x82\x15Y\x97\xb2\xab\xb4\xbem]\x00\xaeM\xfc\xfb\xdf\xb4i\xe8\x86\x87\x02\xe9\xc7\xf6\xdeZb\xf1vo\xf0\xa37\xf3\xd8\x9d\xad\xbd\x99\xbe\xc6K\xd9U\xea\xf8z\x8a\xddY\xb4E\x07/\\\xb7\xd6j\xbd\xba]e\xe0\xda\xc4\xe7Vj\xb3\xeb\xad\xdcS\xdf\xb4\xee\xc3C1\xd8\xab\x9e\x06\xa5\xe1\x91\xc4\x92\x1fq\x0f\x90\xb5u\x00`\\\xd9\xadmQJnW\x19\xb8\xd1\x8f4\x05j-\xd1\xdc\x12\x1b\x1e\x8a\xf7o\x05\x86;\xf4\xf4`\xaf\n\x05\x92[qg\xd7[\x83\xb7\x9d\x99\xc9\xac+\xa5E\xa7\x13\x86!\x00P\xfa\xa0\xc2\xca\xb6\xbd\x1c}\xa5O0\xdb\x13B(%RvC)\x95\xd2\x00\xe0\xd8_2\xc6.\x953&d\x0c<h*\xa5\xc7\xec\xce\x83f\x18\x86Zi\xdbq(%nm\x0b\x00Ls\xb0\x1b\x0bM\x1ct\x1c\x07\xef\xc1\x89\x175\xc7q\x1cl\x8b\x8eR\xc7x\x8d\xdfRB\xbc\xfa6\x004\xfc\x9dIf\xb9T%#\xd6L\x94\xb2\xfb\x92\xf3\xf8\x88Q\xe9;\xd7\x9dd\x04\x83\x14~\x9d\xb3\x96Xn\x89AO\r\x0e\x82\xe8\x8c\x16\x0f\xea\x0bdv\xbd5\xe97:\xacy\x94\x10Va\x94|\xde\x16\x1d\xcf\xab7\x1a>j\xccy\xc0\x01\x18c\r\x7fG\x08\xe1\xd5\xb7m{\xd9q\x9c0\x0c=!8o\xb6Z\xaf\x90?\x1e49\x0f(!\xb6\xe3(u\xecyuVah\xac8\xbc\xfa\xb6\x10bw4\x0b\x11o&\x94\x10\x00\x10\x86\xe1n\xeb\x15\xa5\x0f\x84\x10\xa8$\xea#\x84\xc0;\x91\xc2\xf8D)\xbb2\x0c\xcd\xa2a\x18J\xd9\xd5J\xa3\x04\xbc\xc1\xac\xa8\xb4VBP21\xe2'\xa9\x84\x9b\x14\xad\xce\xfa\x03\xcf\xab+\xad\xe3#\xa2-\xb0\x81\xb8\x92u\xb8\x1e\xf1\xa7A\xc9Zp\xa0@\xa3\xc6\rQ\xa0\xb9\xa7>\xac\xd4\x06o;\xc3}n\x06'\t\xf1\xbc\xbam/\x9b\x90\x1a\x0bb\xd7\xad\x19\xf2l\xdb\xd9m\xbd\xc2\x87qk[J\xe9\xd2\x935"
		---
DEBUG:root:checksum result 0
DEBUG:root:current seq_num=1, old_ack_num=512
DEBUG:root:rcvd_min_seq=0 and self.__ack_num=512
DEBUG:root:new_ack_cumu=512
DEBUG:root:sender new cumu ack 512
INFO:root:[LOG] serviced ('127.0.0.1', 41193)
INFO:root:
		---
		[HEADER]: ack_num: 0
			checksum: 60671
			dst_port: 41192
			flags: ack: 0
			cwr: 0
			ece: 0
			fin: 0
			syn: 0
			
			header_len: 20
			rcvwd: 10
			seq_num: 33554944
			src_port: 41191
			
		[Payload]: b"iP\x9a\x99\xb7\xady\x1b\n\xc4D\xff\x95\xd8\xa8n\xfe\xf9\x82\x15Y\x97\xb2\xab\xb4\xbem]\x00\xaeM\xfc\xfb\xdf\xb4i\xe8\x86\x87\x02\xe9\xc7\xf6\xdeZb\xf1vo\xf0\xa37\xf3\xd8\x9d\xad\xbd\x99\xbe\xc6K\xd9U\xea\xf8z\x8a\xddY\xb4E\x07/\\\xb7\xd6j\xbd\xba]e\xe0\xda\xc4\xe7Vj\xb3\xeb\xad\xdcS\xdf\xb4\xee\xc3C1\xd8\xab\x9e\x06\xa5\xe1\x91\xc4\x92\x1fq\x0f\x90\xb5u\x00`\\\xd9\xadmQJnW\x19\xb8\xd1\x8f4\x05j-\xd1\xdc\x12\x1b\x1e\x8a\xf7o\x05\x86;\xf4\xf4`\xaf\n\x05\x92[qg\xd7[\x83\xb7\x9d\x99\xc9\xac+\xa5E\xa7\x13\x86!\x00P\xfa\xa0\xc2\xca\xb6\xbd\x1c}\xa5O0\xdb\x13B(%RvC)\x95\xd2\x00\xe0\xd8_2\xc6.\x953&d\x0c<h*\xa5\xc7\xec\xce\x83f\x18\x86Zi\xdbq(%nm\x0b\x00Ls\xb0\x1b\x0bM\x1ct\x1c\x07\xef\xc1\x89\x175\xc7q\x1cl\x8b\x8eR\xc7x\x8d\xdfRB\xbc\xfa6\x004\xfc\x9dIf\xb9T%#\xd6L\x94\xb2\xfb\x92\xf3\xf8\x88Q\xe9;\xd7\x9dd\x04\x83\x14~\x9d\xb3\x96Xn\x89AO\r\x0e\x82\xe8\x8c\x16\x0f\xea\x0bdv\xbd5\xe97:\xacy\x94\x10Va\x94|\xde\x16\x1d\xcf\xab7\x1a>j\xccy\xc0\x01\x18c\r\x7fG\x08\xe1\xd5\xb7m{\xd9q\x9c0\x0c=!8o\xb6Z\xaf\x90?\x1e49\x0f(!\xb6\xe3(u\xecyuVah\xac8\xbc\xfa\xb6\x10bw4\x0b\x11o&\x94\x10\x00\x10\x86\xe1n\xeb\x15\xa5\x0f\x84\x10\xa8$\xea#\x84\xc0;\x91\xc2\xf8D)\xbb2\x0c\xcd\xa2a\x18J\xd9\xd5J\xa3\x04\xbc\xc1\xac\xa8\xb4VBP21\xe2'\xa9\x84\x9b\x14\xad\xce\xfa\x03\xcf\xab+\xad\xe3#\xa2-\xb0\x81\xb8\x92u\xb8\x1e\xf1\xa7A\xc9Zp\xa0@\xa3\xc6\rQ\xa0\xb9\xa7>\xac\xd4\x06o;\xc3}n\x06'\t\xf1\xbc\xbam/\x9b\x90\x1a\x0bb\xd7\xad\x19\xf2l\xdb\xd9m\xbd\xc2\x87qk[J\xe9\xd2\x935"
		---
DEBUG:root:rcvd 
		---
		[HEADER]: ack_num: 0
			checksum: 62719
			dst_port: 41192
			flags: ack: 0
			cwr: 0
			ece: 0
			fin: 0
			syn: 0
			
			header_len: 20
			rcvwd: 10
			seq_num: 1536
			src_port: 41191
			
		[Payload]: b'\xf7\xc2\x1e\x17;\xbb\x86\xef\x9bG\xf2\xea\xdb&\n\x95>IX\x05\x936\xa5\x0f6\xaa\x9b<h^,\x04q\xa0}\xd1\xa5\xe2\x11\x16\x0fD2b\xf4\xa2\x89\x93]\xf0&@\x95\xcc\xd2\x9e\x17\xbd\xe1\x82\xad\x00V\x19Tr\xca<\x0f\xe9\xa4\xfa\x02\x05\x80K\xbdaJ\xa0\x13(}b\xea\xae\x01\x96\xae\n;W)\r\xeb\xa6\xd8O\x92\x8c\xf9\xd6\xb6\x97\x19c\xa2-\xe2\x15\x17\xb3(\x06J$6J\xaaQ\xe7a"\x0c?\x8e\xad\xa2\xd4q\xc2\x96\xeczHV\xc9\xf8b\xdc\x1113\x99\xdc3e\x9e\x87k\x1c\xe0\x9c\xfe\xf0\xc5T\x7f\xc1\x93d9B\x08\xa5\xce\x1d^\x9a\xd8\xa2\x84\x84\xa3\x87\xc7g6\x05\x0c\xce\xff\xfaRae)\xbb\xf1Z{Q,\xc2\xadm)\xad\xbd\xfa\xd9\xdb`\xac\xc2\x00@i]*\xady\xf5msfn\x82\x86\xc4\xd2\xb5\x89o\xb4>\x00h\xa5q]\xa54\xa6\x93\xe4\xe7\x9d\x04\xa55\x0f\x9aQ\xc3x\x95J\xe6<\xc0\\\x1b}\x00\xc0\xb6\x97\xa7o)R~\xcbvz\xb4E\x87\xf3\xa6\xed8\x00@)\xc1\x82\x1au\xb3\x15f\xfa\xbe(X\x85\x90a\x88;u)\xbb4\x96o\x95>\xe1<\xc0\xc3\r\x19\x86J\xeb\x86\xbfC\xe9x_I)i\xf8;\xb8\x13CK\xb1r\x19]\r\xf7\xd6x\x1b.g\xa6\xe0\xd2p>\x856|\xbf\xf4dMi\xcdy\x80j\x03\x80\x94\xdd\xf8vn\x1a`F\x01\x00<\x87`\x8c\xb1r\x197\x08\x93T\x8a\x07\xb4Y\x0b\xb3=\xc4r\xd54\xc8\xfdc{;\xf9\x8e\xa3_~\xc1\x8b\xf9\x85\x05\x00x?\xf5[\x153\x8f\xdd\x8b\xd3\r\x1c\xdb\xa1\x94`\x85\xee\xf7\xfb\xab\xab_7\xfc\x17\xc5\xe2C\x00\xa0\x84\xe2W\xfd~\xdf\xb1\xedb\xb1\xb8X|\x08\xd6\x0c\x00,.\x16\x1b\xfe\x0b\xa5O\x16\x17\x8b\xb8_wl\x9bR\xd2\xef\xffW\xa9\xe3\xe2\xe2\xe2\xf3g\xdf\xaf\xae~\r\x00\xfd\xfeos\xf9\x02^#\x8a\xc5"X\x96\xd2\x1a\'\xe6\xf3s\xab\xab\xab\xf9|\x1e`\xa8\xb5'
		---
DEBUG:root:checksum result 0
DEBUG:root:current seq_num=2, old_ack_num=512
DEBUG:root:rcvd_min_seq=0 and self.__ack_num=512
DEBUG:root:new_ack_cumu=512
DEBUG:root:sender new cumu ack 512
INFO:root:[LOG] serviced ('127.0.0.1', 41193)
INFO:root:
		---
		[HEADER]: ack_num: 0
			checksum: 62719
			dst_port: 41192
			flags: ack: 0
			cwr: 0
			ece: 0
			fin: 0
			syn: 0
			
			header_len: 20
			rcvwd: 10
			seq_num: 1536
			src_port: 41191
			
		[Payload]: b'\xf7\xc2\x1e\x17;\xbb\x86\xef\x9bG\xf2\xea\xdb&\n\x95>IX\x05\x936\xa5\x0f6\xaa\x9b<h^,\x04q\xa0}\xd1\xa5\xe2\x11\x16\x0fD2b\xf4\xa2\x89\x93]\xf0&@\x95\xcc\xd2\x9e\x17\xbd\xe1\x82\xad\x00V\x19Tr\xca<\x0f\xe9\xa4\xfa\x02\x05\x80K\xbdaJ\xa0\x13(}b\xea\xae\x01\x96\xae\n;W)\r\xeb\xa6\xd8O\x92\x8c\xf9\xd6\xb6\x97\x19c\xa2-\xe2\x15\x17\xb3(\x06J$6J\xaaQ\xe7a"\x0c?\x8e\xad\xa2\xd4q\xc2\x96\xeczHV\xc9\xf8b\xdc\x1113\x99\xdc3e\x9e\x87k\x1c\xe0\x9c\xfe\xf0\xc5T\x7f\xc1\x93d9B\x08\xa5\xce\x1d^\x9a\xd8\xa2\x84\x84\xa3\x87\xc7g6\x05\x0c\xce\xff\xfaRae)\xbb\xf1Z{Q,\xc2\xadm)\xad\xbd\xfa\xd9\xdb`\xac\xc2\x00@i]*\xady\xf5msfn\x82\x86\xc4\xd2\xb5\x89o\xb4>\x00h\xa5q]\xa54\xa6\x93\xe4\xe7\x9d\x04\xa55\x0f\x9aQ\xc3x\x95J\xe6<\xc0\\\x1b}\x00\xc0\xb6\x97\xa7o)R~\xcbvz\xb4E\x87\xf3\xa6\xed8\x00@)\xc1\x82\x1au\xb3\x15f\xfa\xbe(X\x85\x90a\x88;u)\xbb4\x96o\x95>\xe1<\xc0\xc3\r\x19\x86J\xeb\x86\xbfC\xe9x_I)i\xf8;\xb8\x13CK\xb1r\x19]\r\xf7\xd6x\x1b.g\xa6\xe0\xd2p>\x856|\xbf\xf4dMi\xcdy\x80j\x03\x80\x94\xdd\xf8vn\x1a`F\x01\x00<\x87`\x8c\xb1r\x197\x08\x93T\x8a\x07\xb4Y\x0b\xb3=\xc4r\xd54\xc8\xfdc{;\xf9\x8e\xa3_~\xc1\x8b\xf9\x85\x05\x00x?\xf5[\x153\x8f\xdd\x8b\xd3\r\x1c\xdb\xa1\x94`\x85\xee\xf7\xfb\xab\xab_7\xfc\x17\xc5\xe2C\x00\xa0\x84\xe2W\xfd~\xdf\xb1\xedb\xb1\xb8X|\x08\xd6\x0c\x00,.\x16\x1b\xfe\x0b\xa5O\x16\x17\x8b\xb8_wl\x9bR\xd2\xef\xffW\xa9\xe3\xe2\xe2\xe2\xf3g\xdf\xaf\xae~\r\x00\xfd\xfeos\xf9\x02^#\x8a\xc5"X\x96\xd2\x1a\'\xe6\xf3s\xab\xab\xab\xf9|\x1e`\xa8\xb5'
		---
DEBUG:root:rcvd 
		---
		[HEADER]: ack_num: 0
			checksum: 21759
			dst_port: 41192
			flags: ack: 0
			cwr: 0
			ece: 0
			fin: 0
			syn: 0
			
			header_len: 20
			rcvwd: 10
			seq_num: 1024
			src_port: 41191
			
		[Payload]: b'\xd1\xe9\xb8\xb5-)\xbb\x9c\x07\xf1\x9by\xd0t\xec\xf1\x1ccX\x8f[\x84\x07M41:\x1f\x12\x86\x7f\x15VF\xdaB)q\x8a\xa9\xd0\x8c1\xaf\xbe\x8d\x13]\xb7\xe6\xd8v(%\xe7\x81h\x0b\xc7\xb6c\x19K\xa3X\xd1\x16\x84\x92\x86\xbfc\xb2H\xc3\xdf\xa1\xf4\xc1\xa561\xeee\xbc|L%\xa5\xb5\xf1E\xe4\xf8\xe2\xc8\x98%\'\xe1\x83\x89\x8f\xfa\xf9C\x01\x00\x03\x1c*\x10k\xc1\x99\xf9\xab\r\x7f\xa1\xd6\xbc\x9d[\xa9\xc1\xa3\xf2\xe0mg&\x9fT\xc9\x08%\x93\x9e\x7f\x0c\x94\x92x\x98RJl{9\x0cC\xb7\xb6\x85\xde\x13\x8f\xef\x84X\x1f\x8b\x03\xd1\x8e"\xf2\xcd\x9b\x7f\x02\x00+\x97KO\xd6\x00\xe0%\xe7x\xb3\x94]\xd1\x16(\x10\xf9@\x9b\xa2O0\x16\x858!\x04\x19\xc2\x89F>f/V.\x9fS\x9e\x90\x04b8o\xe2\x05\xca\x89\xab\xd4\xf0\xa3\xbd\x12\xfa"\x0f\x9af\x16\xaek\x12\x8cc\x7f9\xd1\x941\xa4\xf1"\x06vv\xe6\x87\xb8\x91\x1fXKI\xae\xe78\x8eh\x0b\xaf\xbe\x8d\xc939;au\xd7\xa3\x8d\x90V\x9a\x8c\xac\xe98N\xc2Dd\xfd\xd2\xd4:\x16\x1f\x94\x12J\x88\xd9k9\x8e\x83[\xaf\xf8\x16\xa3\xc2\xcaj\x94Z\x95:\x8e[\xff"\xf0\x89>\xa8\x8fKP\t\xdd\xdd\xf8"z-\x8e`\xb6\x0f\xe5\xcf\xa3u\x93\x0cbp5\xf1\x07?\xfd\x84\x17+_}\x05\x00\xd6\x82\x9d[o\xc1\xaf\xea\xfd\xbf%\xfc\xaa\x00 j\xeb\x0cF~\x80/\xe1\x8cM7`\xe52\x96v\xcc\x81X\xa4/\xedx\xb1\xc6\xe3=\xc6@H\xbc\xd2\x9a\x92\xcf\x13\x94\x17B4\xfc\x1dl 0\xb2\x13@(1U\x93\x95\xcb\x9c\x07\x00`\x9aJ\x18\x19\x1a\xaf1\x03\xc7\xa7\xc7\xcbmB\x15\xbf\x06P\xf2w\xae\xbbQ\xdd\x8c|QG#/9\x8f\xcaA\x18\x02\x00clJW\xfb\xf0\x88/P\xab@a\xde\xce\x99\x80\xee)\x00\x18\xf6\xb4\xf1\x86aOAO\'\xbfzE)\xa1\x94\xa1w+\xa5\xa5\x0c9oz\xeax'
		---
DEBUG:root:checksum result 0
DEBUG:root:current seq_num=3, old_ack_num=512
DEBUG:root:rcvd_min_seq=0 and self.__ack_num=512
DEBUG:root:new_ack_cumu=512
DEBUG:root:sender new cumu ack 512
INFO:root:[LOG] serviced ('127.0.0.1', 41193)
INFO:root:
		---
		[HEADER]: ack_num: 0
			checksum: 21759
			dst_port: 41192
			flags: ack: 0
			cwr: 0
			ece: 0
			fin: 0
			syn: 0
			
			header_len: 20
			rcvwd: 10
			seq_num: 1024
			src_port: 41191
			
		[Payload]: b'\xd1\xe9\xb8\xb5-)\xbb\x9c\x07\xf1\x9by\xd0t\xec\xf1\x1ccX\x8f[\x84\x07M41:\x1f\x12\x86\x7f\x15VF\xdaB)q\x8a\xa9\xd0\x8c1\xaf\xbe\x8d\x13]\xb7\xe6\xd8v(%\xe7\x81h\x0b\xc7\xb6c\x19K\xa3X\xd1\x16\x84\x92\x86\xbfc\xb2H\xc3\xdf\xa1\xf4\xc1\xa561\xeee\xbc|L%\xa5\xb5\xf1E\xe4\xf8\xe2\xc8\x98%\'\xe1\x83\x89\x8f\xfa\xf9C\x01\x00\x03\x1c*\x10k\xc1\x99\xf9\xab\r\x7f\xa1\xd6\xbc\x9d[\xa9\xc1\xa3\xf2\xe0mg&\x9fT\xc9\x08%\x93\x9e\x7f\x0c\x94\x92x\x98RJl{9\x0cC\xb7\xb6\x85\xde\x13\x8f\xef\x84X\x1f\x8b\x03\xd1\x8e"\xf2\xcd\x9b\x7f\x02\x00+\x97KO\xd6\x00\xe0%\xe7x\xb3\x94]\xd1\x16(\x10\xf9@\x9b\xa2O0\x16\x858!\x04\x19\xc2\x89F>f/V.\x9fS\x9e\x90\x04b8o\xe2\x05\xca\x89\xab\xd4\xf0\xa3\xbd\x12\xfa"\x0f\x9af\x16\xaek\x12\x8cc\x7f9\xd1\x941\xa4\xf1"\x06vv\xe6\x87\xb8\x91\x1fXKI\xae\xe78\x8eh\x0b\xaf\xbe\x8d\xc939;au\xd7\xa3\x8d\x90V\x9a\x8c\xac\xe98N\xc2Dd\xfd\xd2\xd4:\x16\x1f\x94\x12J\x88\xd9k9\x8e\x83[\xaf\xf8\x16\xa3\xc2\xcaj\x94Z\x95:\x8e[\xff"\xf0\x89>\xa8\x8fKP\t\xdd\xdd\xf8"z-\x8e`\xb6\x0f\xe5\xcf\xa3u\x93\x0cbp5\xf1\x07?\xfd\x84\x17+_}\x05\x00\xd6\x82\x9d[o\xc1\xaf\xea\xfd\xbf%\xfc\xaa\x00 j\xeb\x0cF~\x80/\xe1\x8cM7`\xe52\x96v\xcc\x81X\xa4/\xedx\xb1\xc6\xe3=\xc6@H\xbc\xd2\x9a\x92\xcf\x13\x94\x17B4\xfc\x1dl 0\xb2\x13@(1U\x93\x95\xcb\x9c\x07\x00`\x9aJ\x18\x19\x1a\xaf1\x03\xc7\xa7\xc7\xcbmB\x15\xbf\x06P\xf2w\xae\xbbQ\xdd\x8c|QG#/9\x8f\xcaA\x18\x02\x00clJW\xfb\xf0\x88/P\xab@a\xde\xce\x99\x80\xee)\x00\x18\xf6\xb4\xf1\x86aOAO\'\xbfzE)\xa1\x94\xa1w+\xa5\xa5\x0c9oz\xeax'
		---
DEBUG:root:rcvd 
		---
		[HEADER]: ack_num: 1
			checksum: 57087
			dst_port: 41196
			flags: ack: 0
			cwr: 0
			ece: 0
			fin: 0
			syn: 0
			
			header_len: 20
			rcvwd: 10
			seq_num: 2048
			src_port: 41191
			
		[Payload]: b'\xa6\x84|\xfb\xed\xdf\x1b\xfe\x8b\xb8\x92\xf9|^)E)y\xfe\xecYlp\x8e1\x96\xcf\xe7\xb5R\xfd~\x9f\x12R,>\xfcat\xf4$\xe5\xcfss\x9f\x15\x17\x17\xe3K_:\x8e\x8e\xd5\xef\xff\xc7\x8c\xe7\xf3s\x8e\xed$\xa8\x94\xcf\xcf)}27\xf7Y\xa5\xc2\xccq\x05%\xf4\xdd\xbbw\x94\x92\xe7\xcf\xbe\xcf\xe7\xe7\xa6d\xe7\xea\x171&\xb5\xe5S\xe2\x86\xd33|$d\xffBuO\xf1\x015\xde\xc4n\x86?\x01\xb2\x88\xbf\xa7\xc8\x88\xbf\xa7H\xe9-\xdb\x0c\x7f4d\x11\x7fO\x91\x11\x7fO\x91\x11\x7fO\xf1\x7f{\xce\x1e~\x90\x1c_\xce\x00\x00\x00\x00IEND\xaeB`\x82'
		---
DEBUG:root:checksum result 0
DEBUG:root:current seq_num=4, old_ack_num=512
DEBUG:root:rcvd_min_seq=0 and self.__ack_num=512
DEBUG:root:new_ack_cumu=512
DEBUG:root:sender new cumu ack 512
INFO:root:[LOG] serviced ('127.0.0.1', 41193)
INFO:root:
		---
		[HEADER]: ack_num: 1
			checksum: 57087
			dst_port: 41196
			flags: ack: 0
			cwr: 0
			ece: 0
			fin: 0
			syn: 0
			
			header_len: 20
			rcvwd: 10
			seq_num: 2048
			src_port: 41191
			
		[Payload]: b'\xa6\x84|\xfb\xed\xdf\x1b\xfe\x8b\xb8\x92\xf9|^)E)y\xfe\xecYlp\x8e1\x96\xcf\xe7\xb5R\xfd~\x9f\x12R,>\xfcat\xf4$\xe5\xcfss\x9f\x15\x17\x17\xe3K_:\x8e\x8e\xd5\xef\xff\xc7\x8c\xe7\xf3s\x8e\xed$\xa8\x94\xcf\xcf)}27\xf7Y\xa5\xc2\xccq\x05%\xf4\xdd\xbbw\x94\x92\xe7\xcf\xbe\xcf\xe7\xe7\xa6d\xe7\xea\x171&\xb5\xe5S\xe2\x86\xd33|$d\xffBuO\xf1\x015\xde\xc4n\x86?\x01\xb2\x88\xbf\xa7\xc8\x88\xbf\xa7H\xe9-\xdb\x0c\x7f4d\x11\x7fO\x91\x11\x7fO\x91\x11\x7fO\xf1\x7f{\xce\x1e~\x90\x1c_\xce\x00\x00\x00\x00IEND\xaeB`\x82'
		---
DEBUG:root:rcvd 
		---
		[HEADER]: ack_num: 0
			checksum: 60671
			dst_port: 41192
			flags: ack: 0
			cwr: 0
			ece: 0
			fin: 0
			syn: 0
			
			header_len: 20
			rcvwd: 10
			seq_num: 512
			src_port: 41191
			
		[Payload]: b"iP\x9a\x99\xb7\xady\x1b\n\xc4D\xff\x95\xd8\xa8n\xfe\xf9\x82\x15Y\x97\xb2\xab\xb4\xbem]\x00\xaeM\xfc\xfb\xdf\xb4i\xe8\x86\x87\x02\xe9\xc7\xf6\xdeZb\xf1vo\xf0\xa37\xf3\xd8\x9d\xad\xbd\x99\xbe\xc6K\xd9U\xea\xf8z\x8a\xddY\xb4E\x07/\\\xb7\xd6j\xbd\xba]e\xe0\xda\xc4\xe7Vj\xb3\xeb\xad\xdcS\xdf\xb4\xee\xc3C1\xd8\xab\x9e\x06\xa5\xe1\x91\xc4\x92\x1fq\x0f\x90\xb5u\x00`\\\xd9\xadmQJnW\x19\xb8\xd1\x8f4\x05j-\xd1\xdc\x12\x1b\x1e\x8a\xf7o\x05\x86;\xf4\xf4`\xaf\n\x05\x92[qg\xd7[\x83\xb7\x9d\x99\xc9\xac+\xa5E\xa7\x13\x86!\x00P\xfa\xa0\xc2\xca\xb6\xbd\x1c}\xa5O0\xdb\x13B(%RvC)\x95\xd2\x00\xe0\xd8_2\xc6.\x953&d\x0c<h*\xa5\xc7\xec\xce\x83f\x18\x86Zi\xdbq(%nm\x0b\x00Ls\xb0\x1b\x0bM\x1ct\x1c\x07\xef\xc1\x89\x175\xc7q\x1cl\x8b\x8eR\xc7x\x8d\xdfRB\xbc\xfa6\x004\xfc\x9dIf\xb9T%#\xd6L\x94\xb2\xfb\x92\xf3\xf8\x88Q\xe9;\xd7\x9dd\x04\x83\x14~\x9d\xb3\x96Xn\x89AO\r\x0e\x82\xe8\x8c\x16\x0f\xea\x0bdv\xbd5\xe97:\xacy\x94\x10Va\x94|\xde\x16\x1d\xcf\xab7\x1a>j\xccy\xc0\x01\x18c\r\x7fG\x08\xe1\xd5\xb7m{\xd9q\x9c0\x0c=!8o\xb6Z\xaf\x90?\x1e49\x0f(!\xb6\xe3(u\xecyuVah\xac8\xbc\xfa\xb6\x10bw4\x0b\x11o&\x94\x10\x00\x10\x86\xe1n\xeb\x15\xa5\x0f\x84\x10\xa8$\xea#\x84\xc0;\x91\xc2\xf8D)\xbb2\x0c\xcd\xa2a\x18J\xd9\xd5J\xa3\x04\xbc\xc1\xac\xa8\xb4VBP21\xe2'\xa9\x84\x9b\x14\xad\xce\xfa\x03\xcf\xab+\xad\xe3#\xa2-\xb0\x81\xb8\x92u\xb8\x1e\xf1\xa7A\xc9Zp\xa0@\xa3\xc6\rQ\xa0\xb9\xa7>\xac\xd4\x06o;\xc3}n\x06'\t\xf1\xbc\xbam/\x9b\x90\x1a\x0bb\xd7\xad\x19\xf2l\xdb\xd9m\xbd\xc2\x87qk[J\xe9\xd2\x935"
		---
DEBUG:root:checksum result 0
DEBUG:root:current seq_num=5, old_ack_num=512
DEBUG:root:rcvd_min_seq=0 and self.__ack_num=512
DEBUG:root:new_ack_cumu=2222
DEBUG:root:sender new cumu ack 2222
INFO:root:[LOG] serviced ('127.0.0.1', 41193)
INFO:root:
		---
		[HEADER]: ack_num: 0
			checksum: 60671
			dst_port: 41192
			flags: ack: 0
			cwr: 0
			ece: 0
			fin: 0
			syn: 0
			
			header_len: 20
			rcvwd: 10
			seq_num: 512
			src_port: 41191
			
		[Payload]: b"iP\x9a\x99\xb7\xady\x1b\n\xc4D\xff\x95\xd8\xa8n\xfe\xf9\x82\x15Y\x97\xb2\xab\xb4\xbem]\x00\xaeM\xfc\xfb\xdf\xb4i\xe8\x86\x87\x02\xe9\xc7\xf6\xdeZb\xf1vo\xf0\xa37\xf3\xd8\x9d\xad\xbd\x99\xbe\xc6K\xd9U\xea\xf8z\x8a\xddY\xb4E\x07/\\\xb7\xd6j\xbd\xba]e\xe0\xda\xc4\xe7Vj\xb3\xeb\xad\xdcS\xdf\xb4\xee\xc3C1\xd8\xab\x9e\x06\xa5\xe1\x91\xc4\x92\x1fq\x0f\x90\xb5u\x00`\\\xd9\xadmQJnW\x19\xb8\xd1\x8f4\x05j-\xd1\xdc\x12\x1b\x1e\x8a\xf7o\x05\x86;\xf4\xf4`\xaf\n\x05\x92[qg\xd7[\x83\xb7\x9d\x99\xc9\xac+\xa5E\xa7\x13\x86!\x00P\xfa\xa0\xc2\xca\xb6\xbd\x1c}\xa5O0\xdb\x13B(%RvC)\x95\xd2\x00\xe0\xd8_2\xc6.\x953&d\x0c<h*\xa5\xc7\xec\xce\x83f\x18\x86Zi\xdbq(%nm\x0b\x00Ls\xb0\x1b\x0bM\x1ct\x1c\x07\xef\xc1\x89\x175\xc7q\x1cl\x8b\x8eR\xc7x\x8d\xdfRB\xbc\xfa6\x004\xfc\x9dIf\xb9T%#\xd6L\x94\xb2\xfb\x92\xf3\xf8\x88Q\xe9;\xd7\x9dd\x04\x83\x14~\x9d\xb3\x96Xn\x89AO\r\x0e\x82\xe8\x8c\x16\x0f\xea\x0bdv\xbd5\xe97:\xacy\x94\x10Va\x94|\xde\x16\x1d\xcf\xab7\x1a>j\xccy\xc0\x01\x18c\r\x7fG\x08\xe1\xd5\xb7m{\xd9q\x9c0\x0c=!8o\xb6Z\xaf\x90?\x1e49\x0f(!\xb6\xe3(u\xecyuVah\xac8\xbc\xfa\xb6\x10bw4\x0b\x11o&\x94\x10\x00\x10\x86\xe1n\xeb\x15\xa5\x0f\x84\x10\xa8$\xea#\x84\xc0;\x91\xc2\xf8D)\xbb2\x0c\xcd\xa2a\x18J\xd9\xd5J\xa3\x04\xbc\xc1\xac\xa8\xb4VBP21\xe2'\xa9\x84\x9b\x14\xad\xce\xfa\x03\xcf\xab+\xad\xe3#\xa2-\xb0\x81\xb8\x92u\xb8\x1e\xf1\xa7A\xc9Zp\xa0@\xa3\xc6\rQ\xa0\xb9\xa7>\xac\xd4\x06o;\xc3}n\x06'\t\xf1\xbc\xbam/\x9b\x90\x1a\x0bb\xd7\xad\x19\xf2l\xdb\xd9m\xbd\xc2\x87qk[J\xe9\xd2\x935"
		---
DEBUG:root:writing b"iP\x9a\x99\xb7\xady\x1b\n\xc4D\xff\x95\xd8\xa8n\xfe\xf9\x82\x15Y\x97\xb2\xab\xb4\xbem]\x00\xaeM\xfc\xfb\xdf\xb4i\xe8\x86\x87\x02\xe9\xc7\xf6\xdeZb\xf1vo\xf0\xa37\xf3\xd8\x9d\xad\xbd\x99\xbe\xc6K\xd9U\xea\xf8z\x8a\xddY\xb4E\x07/\\\xb7\xd6j\xbd\xba]e\xe0\xda\xc4\xe7Vj\xb3\xeb\xad\xdcS\xdf\xb4\xee\xc3C1\xd8\xab\x9e\x06\xa5\xe1\x91\xc4\x92\x1fq\x0f\x90\xb5u\x00`\\\xd9\xadmQJnW\x19\xb8\xd1\x8f4\x05j-\xd1\xdc\x12\x1b\x1e\x8a\xf7o\x05\x86;\xf4\xf4`\xaf\n\x05\x92[qg\xd7[\x83\xb7\x9d\x99\xc9\xac+\xa5E\xa7\x13\x86!\x00P\xfa\xa0\xc2\xca\xb6\xbd\x1c}\xa5O0\xdb\x13B(%RvC)\x95\xd2\x00\xe0\xd8_2\xc6.\x953&d\x0c<h*\xa5\xc7\xec\xce\x83f\x18\x86Zi\xdbq(%nm\x0b\x00Ls\xb0\x1b\x0bM\x1ct\x1c\x07\xef\xc1\x89\x175\xc7q\x1cl\x8b\x8eR\xc7x\x8d\xdfRB\xbc\xfa6\x004\xfc\x9dIf\xb9T%#\xd6L\x94\xb2\xfb\x92\xf3\xf8\x88Q\xe9;\xd7\x9dd\x04\x83\x14~\x9d\xb3\x96Xn\x89AO\r\x0e\x82\xe8\x8c\x16\x0f\xea\x0bdv\xbd5\xe97:\xacy\x94\x10Va\x94|\xde\x16\x1d\xcf\xab7\x1a>j\xccy\xc0\x01\x18c\r\x7fG\x08\xe1\xd5\xb7m{\xd9q\x9c0\x0c=!8o\xb6Z\xaf\x90?\x1e49\x0f(!\xb6\xe3(u\xecyuVah\xac8\xbc\xfa\xb6\x10bw4\x0b\x11o&\x94\x10\x00\x10\x86\xe1n\xeb\x15\xa5\x0f\x84\x10\xa8$\xea#\x84\xc0;\x91\xc2\xf8D)\xbb2\x0c\xcd\xa2a\x18J\xd9\xd5J\xa3\x04\xbc\xc1\xac\xa8\xb4VBP21\xe2'\xa9\x84\x9b\x14\xad\xce\xfa\x03\xcf\xab+\xad\xe3#\xa2-\xb0\x81\xb8\x92u\xb8\x1e\xf1\xa7A\xc9Zp\xa0@\xa3\xc6\rQ\xa0\xb9\xa7>\xac\xd4\x06o;\xc3}n\x06'\t\xf1\xbc\xbam/\x9b\x90\x1a\x0bb\xd7\xad\x19\xf2l\xdb\xd9m\xbd\xc2\x87qk[J\xe9\xd2\x935" to 512
DEBUG:root:writing b'\xd1\xe9\xb8\xb5-)\xbb\x9c\x07\xf1\x9by\xd0t\xec\xf1\x1ccX\x8f[\x84\x07M41:\x1f\x12\x86\x7f\x15VF\xdaB)q\x8a\xa9\xd0\x8c1\xaf\xbe\x8d\x13]\xb7\xe6\xd8v(%\xe7\x81h\x0b\xc7\xb6c\x19K\xa3X\xd1\x16\x84\x92\x86\xbfc\xb2H\xc3\xdf\xa1\xf4\xc1\xa561\xeee\xbc|L%\xa5\xb5\xf1E\xe4\xf8\xe2\xc8\x98%\'\xe1\x83\x89\x8f\xfa\xf9C\x01\x00\x03\x1c*\x10k\xc1\x99\xf9\xab\r\x7f\xa1\xd6\xbc\x9d[\xa9\xc1\xa3\xf2\xe0mg&\x9fT\xc9\x08%\x93\x9e\x7f\x0c\x94\x92x\x98RJl{9\x0cC\xb7\xb6\x85\xde\x13\x8f\xef\x84X\x1f\x8b\x03\xd1\x8e"\xf2\xcd\x9b\x7f\x02\x00+\x97KO\xd6\x00\xe0%\xe7x\xb3\x94]\xd1\x16(\x10\xf9@\x9b\xa2O0\x16\x858!\x04\x19\xc2\x89F>f/V.\x9fS\x9e\x90\x04b8o\xe2\x05\xca\x89\xab\xd4\xf0\xa3\xbd\x12\xfa"\x0f\x9af\x16\xaek\x12\x8cc\x7f9\xd1\x941\xa4\xf1"\x06vv\xe6\x87\xb8\x91\x1fXKI\xae\xe78\x8eh\x0b\xaf\xbe\x8d\xc939;au\xd7\xa3\x8d\x90V\x9a\x8c\xac\xe98N\xc2Dd\xfd\xd2\xd4:\x16\x1f\x94\x12J\x88\xd9k9\x8e\x83[\xaf\xf8\x16\xa3\xc2\xcaj\x94Z\x95:\x8e[\xff"\xf0\x89>\xa8\x8fKP\t\xdd\xdd\xf8"z-\x8e`\xb6\x0f\xe5\xcf\xa3u\x93\x0cbp5\xf1\x07?\xfd\x84\x17+_}\x05\x00\xd6\x82\x9d[o\xc1\xaf\xea\xfd\xbf%\xfc\xaa\x00 j\xeb\x0cF~\x80/\xe1\x8cM7`\xe52\x96v\xcc\x81X\xa4/\xedx\xb1\xc6\xe3=\xc6@H\xbc\xd2\x9a\x92\xcf\x13\x94\x17B4\xfc\x1dl 0\xb2\x13@(1U\x93\x95\xcb\x9c\x07\x00`\x9aJ\x18\x19\x1a\xaf1\x03\xc7\xa7\xc7\xcbmB\x15\xbf\x06P\xf2w\xae\xbbQ\xdd\x8c|QG#/9\x8f\xcaA\x18\x02\x00clJW\xfb\xf0\x88/P\xab@a\xde\xce\x99\x80\xee)\x00\x18\xf6\xb4\xf1\x86aOAO\'\xbfzE)\xa1\x94\xa1w+\xa5\xa5\x0c9oz\xeax' to 1024
DEBUG:root:writing b'\xf7\xc2\x1e\x17;\xbb\x86\xef\x9bG\xf2\xea\xdb&\n\x95>IX\x05\x936\xa5\x0f6\xaa\x9b<h^,\x04q\xa0}\xd1\xa5\xe2\x11\x16\x0fD2b\xf4\xa2\x89\x93]\xf0&@\x95\xcc\xd2\x9e\x17\xbd\xe1\x82\xad\x00V\x19Tr\xca<\x0f\xe9\xa4\xfa\x02\x05\x80K\xbdaJ\xa0\x13(}b\xea\xae\x01\x96\xae\n;W)\r\xeb\xa6\xd8O\x92\x8c\xf9\xd6\xb6\x97\x19c\xa2-\xe2\x15\x17\xb3(\x06J$6J\xaaQ\xe7a"\x0c?\x8e\xad\xa2\xd4q\xc2\x96\xeczHV\xc9\xf8b\xdc\x1113\x99\xdc3e\x9e\x87k\x1c\xe0\x9c\xfe\xf0\xc5T\x7f\xc1\x93d9B\x08\xa5\xce\x1d^\x9a\xd8\xa2\x84\x84\xa3\x87\xc7g6\x05\x0c\xce\xff\xfaRae)\xbb\xf1Z{Q,\xc2\xadm)\xad\xbd\xfa\xd9\xdb`\xac\xc2\x00@i]*\xady\xf5msfn\x82\x86\xc4\xd2\xb5\x89o\xb4>\x00h\xa5q]\xa54\xa6\x93\xe4\xe7\x9d\x04\xa55\x0f\x9aQ\xc3x\x95J\xe6<\xc0\\\x1b}\x00\xc0\xb6\x97\xa7o)R~\xcbvz\xb4E\x87\xf3\xa6\xed8\x00@)\xc1\x82\x1au\xb3\x15f\xfa\xbe(X\x85\x90a\x88;u)\xbb4\x96o\x95>\xe1<\xc0\xc3\r\x19\x86J\xeb\x86\xbfC\xe9x_I)i\xf8;\xb8\x13CK\xb1r\x19]\r\xf7\xd6x\x1b.g\xa6\xe0\xd2p>\x856|\xbf\xf4dMi\xcdy\x80j\x03\x80\x94\xdd\xf8vn\x1a`F\x01\x00<\x87`\x8c\xb1r\x197\x08\x93T\x8a\x07\xb4Y\x0b\xb3=\xc4r\xd54\xc8\xfdc{;\xf9\x8e\xa3_~\xc1\x8b\xf9\x85\x05\x00x?\xf5[\x153\x8f\xdd\x8b\xd3\r\x1c\xdb\xa1\x94`\x85\xee\xf7\xfb\xab\xab_7\xfc\x17\xc5\xe2C\x00\xa0\x84\xe2W\xfd~\xdf\xb1\xedb\xb1\xb8X|\x08\xd6\x0c\x00,.\x16\x1b\xfe\x0b\xa5O\x16\x17\x8b\xb8_wl\x9bR\xd2\xef\xffW\xa9\xe3\xe2\xe2\xe2\xf3g\xdf\xaf\xae~\r\x00\xfd\xfeos\xf9\x02^#\x8a\xc5"X\x96\xd2\x1a\'\xe6\xf3s\xab\xab\xab\xf9|\x1e`\xa8\xb5' to 1536
DEBUG:root:writing b'\xa6\x84|\xfb\xed\xdf\x1b\xfe\x8b\xb8\x92\xf9|^)E)y\xfe\xecYlp\x8e1\x96\xcf\xe7\xb5R\xfd~\x9f\x12R,>\xfcat\xf4$\xe5\xcfss\x9f\x15\x17\x17\xe3K_:\x8e\x8e\xd5\xef\xff\xc7\x8c\xe7\xf3s\x8e\xed$\xa8\x94\xcf\xcf)}27\xf7Y\xa5\xc2\xccq\x05%\xf4\xdd\xbbw\x94\x92\xe7\xcf\xbe\xcf\xe7\xe7\xa6d\xe7\xea\x171&\xb5\xe5S\xe2\x86\xd33|$d\xffBuO\xf1\x015\xde\xc4n\x86?\x01\xb2\x88\xbf\xa7\xc8\x88\xbf\xa7H\xe9-\xdb\x0c\x7f4d\x11\x7fO\x91\x11\x7fO\x91\x11\x7fO\xf1\x7f{\xce\x1e~\x90\x1c_\xce\x00\x00\x00\x00IEND\xaeB`\x82' to 2048
DEBUG:root:rcvd 
		---
		[HEADER]: ack_num: 6
			checksum: 40959
			dst_port: 41192
			flags: ack: 0
			cwr: 0
			ece: 0
			fin: 1
			syn: 0
			
			header_len: 20
			rcvwd: 10
			seq_num: 2222
			src_port: 41191
			
		[Payload]: b''
		---
DEBUG:root:checksum result 0
DEBUG:root:current seq_num=6, old_ack_num=2222
DEBUG:root:rcvd_min_seq=2048 and self.__ack_num=2222
DEBUG:root:new_ack_cumu=2223
DEBUG:root:sender new cumu ack 2223
INFO:root:closing connection
INFO:root:
		---
		[HEADER]: ack_num: 6
			checksum: 40959
			dst_port: 41192
			flags: ack: 0
			cwr: 0
			ece: 0
			fin: 1
			syn: 0
			
			header_len: 20
			rcvwd: 10
			seq_num: 2222
			src_port: 41191
			
		[Payload]: b''
		---
INFO:root:sent 
		---
		[HEADER]: ack_num: 2223
			checksum: 61439
			dst_port: 41191
			flags: ack: 1
			cwr: 0
			ece: 0
			fin: 0
			syn: 0
			
			header_len: 20
			rcvwd: 10
			seq_num: 6
			src_port: 41194
			
		[Payload]: 
		---
DEBUG:root:sending fin
DEBUG:root:current seq_num=7, old_ack_num=2223
INFO:root:sent 
		---
		[HEADER]: ack_num: 2223
			checksum: 40703
			dst_port: 41191
			flags: ack: 0
			cwr: 0
			ece: 0
			fin: 1
			syn: 0
			
			header_len: 20
			rcvwd: 10
			seq_num: 7
			src_port: 41194
			
		[Payload]: 
		---
DEBUG:root:reset to 0 and 0
INFO:root:connection closed
INFO:root:[LOG] serviced ('127.0.0.1', 41193)
INFO:root:Discarded or Residual
