The server is ready to receive
DEBUG:root:rcvd 
		---
		[HEADER]: ack_num: 0
			checksum: 57855
			dst_port: 41192
			flags: ack: 0
			cwr: 0
			ece: 0
			fin: 0
			syn: 0
			
			header_len: 20
			rcvwd: 10
			seq_num: 0
			src_port: 41191
			
		[Payload]: b'0\r\n1\r\n2\r\n3\r\n4\r\n5\r\n6\r\n7\r\n8\r\n9\r\n10\r\n11\r\n12\r\n13\r\n14\r\n15\r\n'
		---
DEBUG:root:checksum result 0
DEBUG:root:current seq_num=0, old_ack_num=0
DEBUG:root:rcvd_min_seq=0 and self.__ack_num=0
DEBUG:root:new_ack_cumu=54
DEBUG:root:sender new cumu ack 54
INFO:root:[LOG] serviced ('127.0.0.1', 41193)
INFO:root:
		---
		[HEADER]: ack_num: 0
			checksum: 57855
			dst_port: 41192
			flags: ack: 0
			cwr: 0
			ece: 0
			fin: 0
			syn: 0
			
			header_len: 20
			rcvwd: 10
			seq_num: 0
			src_port: 41191
			
		[Payload]: b'0\r\n1\r\n2\r\n3\r\n4\r\n5\r\n6\r\n7\r\n8\r\n9\r\n10\r\n11\r\n12\r\n13\r\n14\r\n15\r\n'
		---
DEBUG:root:writing b'0\r\n1\r\n2\r\n3\r\n4\r\n5\r\n6\r\n7\r\n8\r\n9\r\n10\r\n11\r\n12\r\n13\r\n14\r\n15\r\n' to 0
DEBUG:root:rcvd 
		---
		[HEADER]: ack_num: 1
			checksum: 28415
			dst_port: 41192
			flags: ack: 0
			cwr: 0
			ece: 0
			fin: 1
			syn: 0
			
			header_len: 20
			rcvwd: 10
			seq_num: 54
			src_port: 41191
			
		[Payload]: b''
		---
DEBUG:root:checksum result 0
DEBUG:root:current seq_num=1, old_ack_num=54
DEBUG:root:rcvd_min_seq=0 and self.__ack_num=54
DEBUG:root:new_ack_cumu=55
DEBUG:root:sender new cumu ack 55
INFO:root:closing connection
INFO:root:
		---
		[HEADER]: ack_num: 1
			checksum: 28415
			dst_port: 41192
			flags: ack: 0
			cwr: 0
			ece: 0
			fin: 1
			syn: 0
			
			header_len: 20
			rcvwd: 10
			seq_num: 54
			src_port: 41191
			
		[Payload]: b''
		---
INFO:root:sent 
		---
		[HEADER]: ack_num: 55
			checksum: 48639
			dst_port: 41191
			flags: ack: 1
			cwr: 0
			ece: 0
			fin: 0
			syn: 0
			
			header_len: 20
			rcvwd: 10
			seq_num: 1
			src_port: 41194
			
		[Payload]: 
		---
DEBUG:root:sending fin
DEBUG:root:current seq_num=2, old_ack_num=55
INFO:root:sent 
		---
		[HEADER]: ack_num: 55
			checksum: 27903
			dst_port: 41191
			flags: ack: 0
			cwr: 0
			ece: 0
			fin: 1
			syn: 0
			
			header_len: 20
			rcvwd: 10
			seq_num: 2
			src_port: 41194
			
		[Payload]: 
		---
DEBUG:root:reset to 0 and 0
INFO:root:connection closed
INFO:root:[LOG] serviced ('127.0.0.1', 41193)
INFO:root:Discarded or Residual
DEBUG:root:rcvd 
		---
		[HEADER]: ack_num: 1
			checksum: 28415
			dst_port: 41192
			flags: ack: 0
			cwr: 0
			ece: 0
			fin: 1
			syn: 0
			
			header_len: 20
			rcvwd: 10
			seq_num: 54
			src_port: 41191
			
		[Payload]: b''
		---
DEBUG:root:checksum result 0
DEBUG:root:current seq_num=0, old_ack_num=0
DEBUG:root:rcvd_min_seq=54 and self.__ack_num=0
DEBUG:root:sender new cumu ack 0
INFO:root:closing connection
INFO:root:
		---
		[HEADER]: ack_num: 1
			checksum: 28415
			dst_port: 41192
			flags: ack: 0
			cwr: 0
			ece: 0
			fin: 1
			syn: 0
			
			header_len: 20
			rcvwd: 10
			seq_num: 54
			src_port: 41191
			
		[Payload]: b''
		---
INFO:root:sent 
		---
		[HEADER]: ack_num: 0
			checksum: 62975
			dst_port: 41191
			flags: ack: 1
			cwr: 0
			ece: 0
			fin: 0
			syn: 0
			
			header_len: 20
			rcvwd: 10
			seq_num: 0
			src_port: 41194
			
		[Payload]: 
		---
DEBUG:root:sending fin
DEBUG:root:current seq_num=1, old_ack_num=0
INFO:root:sent 
		---
		[HEADER]: ack_num: 0
			checksum: 42239
			dst_port: 41191
			flags: ack: 0
			cwr: 0
			ece: 0
			fin: 1
			syn: 0
			
			header_len: 20
			rcvwd: 10
			seq_num: 1
			src_port: 41194
			
		[Payload]: 
		---
DEBUG:root:reset to 0 and 0
INFO:root:connection closed
INFO:root:[LOG] serviced ('127.0.0.1', 41193)
INFO:root:Discarded or Residual
